2024-10-31 07:29:17,387 - INFO - __main__ - Starting NTXent loss test with K=2, batch_size=128, feature_dim=256, tau=0.2
2024-10-31 07:29:17,708 - INFO - __main__ - Starting NTXent loss test with K=2, batch_size=128, feature_dim=256, tau=0.2
2024-10-31 07:29:17,769 - DEBUG - __main__ - Local rank obtained from environment: 1
2024-10-31 07:29:17,789 - INFO - torch.distributed.distributed_c10d - Added key: store_based_barrier_key:1 to store for rank: 1
2024-10-31 07:29:17,818 - DEBUG - __main__ - Local rank obtained from environment: 0
2024-10-31 07:29:17,820 - INFO - torch.distributed.distributed_c10d - Added key: store_based_barrier_key:1 to store for rank: 0
2024-10-31 07:29:17,820 - INFO - torch.distributed.distributed_c10d - Rank 0: Completed store-based barrier for key:store_based_barrier_key:1 with 2 nodes.
2024-10-31 07:29:17,821 - INFO - __main__ - Distributed process group initialized on rank 0 with world_size=2
2024-10-31 07:29:17,821 - INFO - torch.distributed.distributed_c10d - Rank 1: Completed store-based barrier for key:store_based_barrier_key:1 with 2 nodes.
2024-10-31 07:29:17,821 - DEBUG - __main__ - Initialized NTXent with tau=0.2, multiplier=2, distributed=True
2024-10-31 07:29:17,821 - INFO - __main__ - Distributed process group initialized on rank 1 with world_size=2
2024-10-31 07:29:17,821 - DEBUG - __main__ - NTXent loss module initialized
2024-10-31 07:29:17,821 - DEBUG - __main__ - Initialized NTXent with tau=0.2, multiplier=2, distributed=True
2024-10-31 07:29:17,821 - DEBUG - __main__ - NTXent loss module initialized
2024-10-31 07:29:28,168 - DEBUG - __main__ - Random feature vectors with known positives generated with shape torch.Size([256, 256]) on GPU 1
2024-10-31 07:29:28,168 - DEBUG - __main__ - Random feature vectors with known positives generated with shape torch.Size([256, 256]) on GPU 0
2024-10-31 07:29:28,169 - DEBUG - __main__ - Forward pass started for NTXent loss
2024-10-31 07:29:28,169 - DEBUG - __main__ - Forward pass started for NTXent loss
2024-10-31 07:29:28,169 - DEBUG - __main__ - Input tensor shape: torch.Size([256, 256])
2024-10-31 07:29:28,169 - DEBUG - __main__ - Input tensor shape: torch.Size([256, 256])
2024-10-31 07:29:28,431 - DEBUG - __main__ - Normalized input tensor with tau=0.2
2024-10-31 07:29:28,431 - DEBUG - __main__ - Normalized input tensor with tau=0.2
2024-10-31 07:29:28,431 - DEBUG - __main__ - Distributed flag is True. Gathering tensors from all processes
2024-10-31 07:29:28,431 - DEBUG - __main__ - Distributed flag is True. Gathering tensors from all processes
2024-10-31 07:29:28,823 - DEBUG - __main__ - All_gather and chunking completed
2024-10-31 07:29:28,823 - DEBUG - __main__ - All_gather and chunking completed
2024-10-31 07:29:28,856 - DEBUG - __main__ - Concatenated sorted tensors with new shape torch.Size([512, 256])
2024-10-31 07:29:28,856 - DEBUG - __main__ - Concatenated sorted tensors with new shape torch.Size([512, 256])
2024-10-31 07:29:32,268 - DEBUG - __main__ - Logits computed with shape torch.Size([512, 512])
2024-10-31 07:29:32,358 - DEBUG - __main__ - Logits computed with shape torch.Size([512, 512])
2024-10-31 07:29:32,383 - DEBUG - __main__ - Diagonal of logits set to LARGE_NUMBER to exclude self-comparisons
2024-10-31 07:29:32,386 - DEBUG - __main__ - Diagonal of logits set to LARGE_NUMBER to exclude self-comparisons
2024-10-31 07:29:32,418 - DEBUG - __main__ - LogSoftmax applied to logits
2024-10-31 07:29:32,418 - DEBUG - __main__ - LogSoftmax applied to logits
2024-10-31 07:29:32,738 - DEBUG - __main__ - Labels for positive pairs created with shape torch.Size([512])
2024-10-31 07:29:32,738 - DEBUG - __main__ - Labels for positive pairs created with shape torch.Size([512])
2024-10-31 07:29:32,779 - DEBUG - __main__ - Loss calculated: 1.5288262367248535
2024-10-31 07:29:32,779 - DEBUG - __main__ - Loss calculated: 1.5288262367248535
2024-10-31 07:29:32,780 - DEBUG - __main__ - Calculating top-1 accuracy
2024-10-31 07:29:32,780 - DEBUG - __main__ - Calculating top-1 accuracy
2024-10-31 07:29:32,843 - DEBUG - __main__ - Accuracy calculated with shape torch.Size([512])
2024-10-31 07:29:32,843 - DEBUG - __main__ - Accuracy calculated with shape torch.Size([512])
2024-10-31 07:29:32,845 - DEBUG - __main__ - Accuracy computed with mean: 1.0
2024-10-31 07:29:32,845 - DEBUG - __main__ - Accuracy computed with mean: 1.0
2024-10-31 07:29:32,845 - DEBUG - __main__ - Calculating Mean Average Precision for top-1 predictions
2024-10-31 07:29:32,845 - DEBUG - __main__ - Calculating Mean Average Precision for top-1 predictions
2024-10-31 07:29:32,897 - DEBUG - __main__ - Mean Average Precision calculated with value 1.0
2024-10-31 07:29:32,897 - DEBUG - __main__ - Mean Average Precision calculated with value 1.0
2024-10-31 07:29:32,897 - DEBUG - __main__ - Mean Average Precision computed with value: 1.0
2024-10-31 07:29:32,897 - DEBUG - __main__ - Mean Average Precision computed with value: 1.0
2024-10-31 07:29:32,898 - INFO - __main__ - NTXent loss computed: 1.5288
2024-10-31 07:29:32,898 - INFO - __main__ - NTXent loss computed: 1.5288
2024-10-31 07:29:32,898 - INFO - __main__ - Accuracy: 1.0000
2024-10-31 07:29:32,898 - INFO - __main__ - Accuracy: 1.0000
2024-10-31 07:29:32,898 - INFO - __main__ - Mean Average Precision: 1.0000
2024-10-31 07:29:32,898 - INFO - __main__ - Mean Average Precision: 1.0000
Testing NTXent Loss with K=2:2024-10-31 07:29:32,898 - DEBUG - __main__ - Destroying distributed process group

Loss: 1.5288
Accuracy: 1.0000
Mean Average Precision: 1.0000
----------------------------------------
2024-10-31 07:29:32,898 - DEBUG - __main__ - Destroying distributed process group
2024-10-31 07:29:32,946 - INFO - __main__ - Distributed process group destroyed
2024-10-31 07:29:32,949 - INFO - __main__ - Distributed process group destroyed
