2024-10-31 07:29:51,697 - INFO - __main__ - Starting NTXent loss test with K=3, batch_size=128, feature_dim=256, tau=0.2
2024-10-31 07:29:51,972 - DEBUG - __main__ - Local rank obtained from environment: 0
2024-10-31 07:29:51,975 - INFO - torch.distributed.distributed_c10d - Added key: store_based_barrier_key:1 to store for rank: 0
2024-10-31 07:29:52,052 - INFO - __main__ - Starting NTXent loss test with K=3, batch_size=128, feature_dim=256, tau=0.2
2024-10-31 07:29:52,143 - DEBUG - __main__ - Local rank obtained from environment: 1
2024-10-31 07:29:52,145 - INFO - torch.distributed.distributed_c10d - Added key: store_based_barrier_key:1 to store for rank: 1
2024-10-31 07:29:52,145 - INFO - torch.distributed.distributed_c10d - Rank 1: Completed store-based barrier for key:store_based_barrier_key:1 with 2 nodes.
2024-10-31 07:29:52,146 - INFO - __main__ - Distributed process group initialized on rank 1 with world_size=2
2024-10-31 07:29:52,146 - DEBUG - __main__ - Initialized NTXent with tau=0.2, multiplier=3, distributed=True
2024-10-31 07:29:52,146 - DEBUG - __main__ - NTXent loss module initialized
2024-10-31 07:29:52,149 - INFO - torch.distributed.distributed_c10d - Rank 0: Completed store-based barrier for key:store_based_barrier_key:1 with 2 nodes.
2024-10-31 07:29:52,149 - INFO - __main__ - Distributed process group initialized on rank 0 with world_size=2
2024-10-31 07:29:52,149 - DEBUG - __main__ - Initialized NTXent with tau=0.2, multiplier=3, distributed=True
2024-10-31 07:29:52,149 - DEBUG - __main__ - NTXent loss module initialized
2024-10-31 07:29:53,738 - DEBUG - __main__ - Random feature vectors with known positives generated with shape torch.Size([384, 256]) on GPU 1
2024-10-31 07:29:53,738 - DEBUG - __main__ - Forward pass started for NTXent loss
2024-10-31 07:29:53,738 - DEBUG - __main__ - Input tensor shape: torch.Size([384, 256])
2024-10-31 07:29:53,746 - DEBUG - __main__ - Random feature vectors with known positives generated with shape torch.Size([384, 256]) on GPU 0
2024-10-31 07:29:53,747 - DEBUG - __main__ - Forward pass started for NTXent loss
2024-10-31 07:29:53,747 - DEBUG - __main__ - Input tensor shape: torch.Size([384, 256])
2024-10-31 07:29:53,749 - DEBUG - __main__ - Normalized input tensor with tau=0.2
2024-10-31 07:29:53,749 - DEBUG - __main__ - Distributed flag is True. Gathering tensors from all processes
2024-10-31 07:29:53,749 - DEBUG - __main__ - Normalized input tensor with tau=0.2
2024-10-31 07:29:53,749 - DEBUG - __main__ - Distributed flag is True. Gathering tensors from all processes
2024-10-31 07:29:53,945 - DEBUG - __main__ - All_gather and chunking completed
2024-10-31 07:29:53,947 - DEBUG - __main__ - All_gather and chunking completed
2024-10-31 07:29:53,947 - DEBUG - __main__ - Concatenated sorted tensors with new shape torch.Size([768, 256])
2024-10-31 07:29:53,947 - DEBUG - __main__ - Concatenated sorted tensors with new shape torch.Size([768, 256])
2024-10-31 07:29:55,129 - DEBUG - __main__ - Logits computed with shape torch.Size([768, 768])
2024-10-31 07:29:55,129 - DEBUG - __main__ - Logits computed with shape torch.Size([768, 768])
2024-10-31 07:29:55,138 - DEBUG - __main__ - Diagonal of logits set to LARGE_NUMBER to exclude self-comparisons
2024-10-31 07:29:55,140 - DEBUG - __main__ - LogSoftmax applied to logits
2024-10-31 07:29:55,140 - DEBUG - __main__ - Diagonal of logits set to LARGE_NUMBER to exclude self-comparisons
2024-10-31 07:29:55,141 - DEBUG - __main__ - LogSoftmax applied to logits
2024-10-31 07:29:55,156 - DEBUG - __main__ - Labels for positive pairs created with shape torch.Size([1536])
2024-10-31 07:29:55,156 - DEBUG - __main__ - Labels for positive pairs created with shape torch.Size([1536])
2024-10-31 07:29:55,158 - DEBUG - __main__ - Loss calculated: 2.0037152767181396
2024-10-31 07:29:55,158 - DEBUG - __main__ - Loss calculated: 2.0037152767181396
2024-10-31 07:29:55,159 - DEBUG - __main__ - Calculating top-2 accuracy
2024-10-31 07:29:55,159 - DEBUG - __main__ - Calculating top-2 accuracy
2024-10-31 07:29:55,163 - DEBUG - __main__ - Accuracy calculated with shape torch.Size([768])
2024-10-31 07:29:55,163 - DEBUG - __main__ - Accuracy calculated with shape torch.Size([768])
2024-10-31 07:29:55,163 - DEBUG - __main__ - Accuracy computed with mean: 0.3333333432674408
2024-10-31 07:29:55,163 - DEBUG - __main__ - Accuracy computed with mean: 0.3333333432674408
2024-10-31 07:29:55,163 - DEBUG - __main__ - Calculating Mean Average Precision for top-2 predictions
2024-10-31 07:29:55,163 - DEBUG - __main__ - Calculating Mean Average Precision for top-2 predictions
2024-10-31 07:29:55,166 - DEBUG - __main__ - Mean Average Precision calculated with value 0.75
2024-10-31 07:29:55,166 - DEBUG - __main__ - Mean Average Precision calculated with value 0.75
2024-10-31 07:29:55,166 - DEBUG - __main__ - Mean Average Precision computed with value: 0.75
2024-10-31 07:29:55,166 - DEBUG - __main__ - Mean Average Precision computed with value: 0.75
2024-10-31 07:29:55,166 - INFO - __main__ - NTXent loss computed: 2.0037
2024-10-31 07:29:55,166 - INFO - __main__ - NTXent loss computed: 2.0037
2024-10-31 07:29:55,166 - INFO - __main__ - Accuracy: 0.3333
2024-10-31 07:29:55,166 - INFO - __main__ - Accuracy: 0.3333
2024-10-31 07:29:55,166 - INFO - __main__ - Mean Average Precision: 0.7500
2024-10-31 07:29:55,166 - INFO - __main__ - Mean Average Precision: 0.7500
2024-10-31 07:29:55,166 - DEBUG - __main__ - Destroying distributed process group
Testing NTXent Loss with K=3:
Loss: 2.0037
Accuracy: 0.3333
Mean Average Precision: 0.7500
----------------------------------------
2024-10-31 07:29:55,166 - DEBUG - __main__ - Destroying distributed process group
2024-10-31 07:29:55,182 - INFO - __main__ - Distributed process group destroyed
2024-10-31 07:29:55,183 - INFO - __main__ - Distributed process group destroyed
