/work/cvcs_2023_group23/AIB/AIB_env/lib/python3.9/site-packages/torchvision/models/_utils.py:208: UserWarning: The parameter 'pretrained' is deprecated since 0.13 and will be removed in 0.15, please use 'weights' instead.
  warnings.warn(
/work/cvcs_2023_group23/AIB/AIB_env/lib/python3.9/site-packages/torchvision/models/_utils.py:223: UserWarning: Arguments other than a weight enum or `None` for 'weights' are deprecated since 0.13 and will be removed in 0.15. The current behavior is equivalent to passing `weights=ResNet50_Weights.IMAGENET1K_V1`. You can also use `weights=ResNet50_Weights.DEFAULT` to get the most up-to-date weights.
  warnings.warn(msg)
Traceback (most recent call last):
  File "/work/cvcs_2023_group23/AIB/train.py", line 189, in <module>
    z_i = simclr_model(images_i).to(device)
  File "/work/cvcs_2023_group23/AIB/AIB_env/lib/python3.9/site-packages/torch/nn/modules/module.py", line 1130, in _call_impl
    return forward_call(*input, **kwargs)
  File "/work/cvcs_2023_group23/AIB/train.py", line 82, in forward
    x = self.base(x)
  File "/work/cvcs_2023_group23/AIB/AIB_env/lib/python3.9/site-packages/torch/nn/modules/module.py", line 1130, in _call_impl
    return forward_call(*input, **kwargs)
  File "/work/cvcs_2023_group23/AIB/AIB_env/lib/python3.9/site-packages/torch/nn/modules/container.py", line 139, in forward
    input = module(input)
  File "/work/cvcs_2023_group23/AIB/AIB_env/lib/python3.9/site-packages/torch/nn/modules/module.py", line 1130, in _call_impl
    return forward_call(*input, **kwargs)
  File "/work/cvcs_2023_group23/AIB/AIB_env/lib/python3.9/site-packages/torch/nn/modules/batchnorm.py", line 168, in forward
    return F.batch_norm(
  File "/work/cvcs_2023_group23/AIB/AIB_env/lib/python3.9/site-packages/torch/nn/functional.py", line 2438, in batch_norm
    return torch.batch_norm(
RuntimeError: cuDNN error: CUDNN_STATUS_EXECUTION_FAILED
/work/cvcs_2023_group23/AIB/AIB_env/lib/python3.9/site-packages/torchvision/models/_utils.py:208: UserWarning: The parameter 'pretrained' is deprecated since 0.13 and will be removed in 0.15, please use 'weights' instead.
  warnings.warn(
/work/cvcs_2023_group23/AIB/AIB_env/lib/python3.9/site-packages/torchvision/models/_utils.py:223: UserWarning: Arguments other than a weight enum or `None` for 'weights' are deprecated since 0.13 and will be removed in 0.15. The current behavior is equivalent to passing `weights=ResNet50_Weights.IMAGENET1K_V1`. You can also use `weights=ResNet50_Weights.DEFAULT` to get the most up-to-date weights.
  warnings.warn(msg)
Traceback (most recent call last):
  File "/work/cvcs_2023_group23/AIB/eval.py", line 195, in <module>
    features_extracted_train_features, features_extracted_train_labels = extract_features_and_labels(simclr_model,train_loader)
  File "/work/cvcs_2023_group23/AIB/eval.py", line 165, in extract_features_and_labels
    labels.append(label.to(device))  # Keep labels on GPU if used later
RuntimeError: CUDA error: an illegal memory access was encountered
CUDA kernel errors might be asynchronously reported at some other API call,so the stacktrace below might be incorrect.
For debugging consider passing CUDA_LAUNCH_BLOCKING=1.
