[rank: 0] Seed set to 42
/work/cvcs_2023_group23/AIB/AIB_env/lib/python3.9/site-packages/torchvision/models/_utils.py:208: UserWarning: The parameter 'pretrained' is deprecated since 0.13 and will be removed in 0.15, please use 'weights' instead.
  warnings.warn(
/work/cvcs_2023_group23/AIB/AIB_env/lib/python3.9/site-packages/torchvision/models/_utils.py:223: UserWarning: Arguments other than a weight enum or `None` for 'weights' are deprecated since 0.13 and will be removed in 0.15. The current behavior is equivalent to passing `weights=ResNet18_Weights.IMAGENET1K_V1`. You can also use `weights=ResNet18_Weights.DEFAULT` to get the most up-to-date weights.
  warnings.warn(msg)
/work/cvcs_2023_group23/AIB/AIB_env/lib/python3.9/site-packages/torchvision/transforms/transforms.py:891: UserWarning: Argument 'interpolation' of type int is deprecated since 0.13 and will be removed in 0.15. Please use InterpolationMode enum.
  warnings.warn(
Using 16bit Automatic Mixed Precision (AMP)
GPU available: True (cuda), used: True
TPU available: False, using: 0 TPU cores
IPU available: False, using: 0 IPUs
HPU available: False, using: 0 HPUs
/work/cvcs_2023_group23/AIB/AIB_env/lib/python3.9/site-packages/pytorch_lightning/trainer/configuration_validator.py:72: You passed in a `val_dataloader` but have no `validation_step`. Skipping val loop.
[rank: 0] Seed set to 42
Initializing distributed: GLOBAL_RANK: 0, MEMBER: 1/4
Traceback (most recent call last):
  File "/work/cvcs_2023_group23/AIB/train_pl.py", line 191, in <module>
    main()
  File "/work/cvcs_2023_group23/AIB/train_pl.py", line 188, in main
    trainer.fit(model, data_module, ckpt_path=resume_from_checkpoint)
  File "/work/cvcs_2023_group23/AIB/AIB_env/lib/python3.9/site-packages/pytorch_lightning/trainer/trainer.py", line 545, in fit
    call._call_and_handle_interrupt(
  File "/work/cvcs_2023_group23/AIB/AIB_env/lib/python3.9/site-packages/pytorch_lightning/trainer/call.py", line 43, in _call_and_handle_interrupt
    return trainer.strategy.launcher.launch(trainer_fn, *args, trainer=trainer, **kwargs)
  File "/work/cvcs_2023_group23/AIB/AIB_env/lib/python3.9/site-packages/pytorch_lightning/strategies/launchers/subprocess_script.py", line 102, in launch
    return function(*args, **kwargs)
  File "/work/cvcs_2023_group23/AIB/AIB_env/lib/python3.9/site-packages/pytorch_lightning/trainer/trainer.py", line 581, in _fit_impl
    self._run(model, ckpt_path=ckpt_path)
  File "/work/cvcs_2023_group23/AIB/AIB_env/lib/python3.9/site-packages/pytorch_lightning/trainer/trainer.py", line 948, in _run
    self.strategy.setup_environment()
  File "/work/cvcs_2023_group23/AIB/AIB_env/lib/python3.9/site-packages/pytorch_lightning/strategies/ddp.py", line 146, in setup_environment
    self.setup_distributed()
  File "/work/cvcs_2023_group23/AIB/AIB_env/lib/python3.9/site-packages/pytorch_lightning/strategies/ddp.py", line 197, in setup_distributed
    _init_dist_connection(self.cluster_environment, self._process_group_backend, timeout=self._timeout)
  File "/work/cvcs_2023_group23/AIB/AIB_env/lib/python3.9/site-packages/lightning_fabric/utilities/distributed.py", line 290, in _init_dist_connection
    torch.distributed.init_process_group(torch_distributed_backend, rank=global_rank, world_size=world_size, **kwargs)
  File "/work/cvcs_2023_group23/AIB/AIB_env/lib/python3.9/site-packages/torch/distributed/distributed_c10d.py", line 627, in init_process_group
    _store_based_barrier(rank, store, timeout)
  File "/work/cvcs_2023_group23/AIB/AIB_env/lib/python3.9/site-packages/torch/distributed/distributed_c10d.py", line 255, in _store_based_barrier
    raise RuntimeError(
RuntimeError: Timed out initializing process group in store based barrier on rank: 0, for key: store_based_barrier_key:1 (world_size=4, worker_count=1, timeout=0:30:00)
[rank: 0] Seed set to 42
/work/cvcs_2023_group23/AIB/AIB_env/lib/python3.9/site-packages/torchvision/models/_utils.py:208: UserWarning: The parameter 'pretrained' is deprecated since 0.13 and will be removed in 0.15, please use 'weights' instead.
  warnings.warn(
/work/cvcs_2023_group23/AIB/AIB_env/lib/python3.9/site-packages/torchvision/models/_utils.py:223: UserWarning: Arguments other than a weight enum or `None` for 'weights' are deprecated since 0.13 and will be removed in 0.15. The current behavior is equivalent to passing `weights=ResNet18_Weights.IMAGENET1K_V1`. You can also use `weights=ResNet18_Weights.DEFAULT` to get the most up-to-date weights.
  warnings.warn(msg)
/work/cvcs_2023_group23/AIB/AIB_env/lib/python3.9/site-packages/torchvision/transforms/transforms.py:891: UserWarning: Argument 'interpolation' of type int is deprecated since 0.13 and will be removed in 0.15. Please use InterpolationMode enum.
  warnings.warn(
Using 16bit Automatic Mixed Precision (AMP)
GPU available: True (cuda), used: True
TPU available: False, using: 0 TPU cores
IPU available: False, using: 0 IPUs
HPU available: False, using: 0 HPUs
[rank: 0] Seed set to 42
Initializing distributed: GLOBAL_RANK: 0, MEMBER: 1/4
Traceback (most recent call last):
  File "/work/cvcs_2023_group23/AIB/eval_pl.py", line 102, in <module>
    main()
  File "/work/cvcs_2023_group23/AIB/eval_pl.py", line 59, in main
    predlist = trainer.predict(model, dataloaders=data_module.test_dataloader())[0]
  File "/work/cvcs_2023_group23/AIB/AIB_env/lib/python3.9/site-packages/pytorch_lightning/trainer/trainer.py", line 865, in predict
    return call._call_and_handle_interrupt(
  File "/work/cvcs_2023_group23/AIB/AIB_env/lib/python3.9/site-packages/pytorch_lightning/trainer/call.py", line 43, in _call_and_handle_interrupt
    return trainer.strategy.launcher.launch(trainer_fn, *args, trainer=trainer, **kwargs)
  File "/work/cvcs_2023_group23/AIB/AIB_env/lib/python3.9/site-packages/pytorch_lightning/strategies/launchers/subprocess_script.py", line 102, in launch
    return function(*args, **kwargs)
  File "/work/cvcs_2023_group23/AIB/AIB_env/lib/python3.9/site-packages/pytorch_lightning/trainer/trainer.py", line 904, in _predict_impl
    results = self._run(model, ckpt_path=ckpt_path)
  File "/work/cvcs_2023_group23/AIB/AIB_env/lib/python3.9/site-packages/pytorch_lightning/trainer/trainer.py", line 948, in _run
    self.strategy.setup_environment()
  File "/work/cvcs_2023_group23/AIB/AIB_env/lib/python3.9/site-packages/pytorch_lightning/strategies/ddp.py", line 146, in setup_environment
    self.setup_distributed()
  File "/work/cvcs_2023_group23/AIB/AIB_env/lib/python3.9/site-packages/pytorch_lightning/strategies/ddp.py", line 197, in setup_distributed
    _init_dist_connection(self.cluster_environment, self._process_group_backend, timeout=self._timeout)
  File "/work/cvcs_2023_group23/AIB/AIB_env/lib/python3.9/site-packages/lightning_fabric/utilities/distributed.py", line 290, in _init_dist_connection
    torch.distributed.init_process_group(torch_distributed_backend, rank=global_rank, world_size=world_size, **kwargs)
  File "/work/cvcs_2023_group23/AIB/AIB_env/lib/python3.9/site-packages/torch/distributed/distributed_c10d.py", line 627, in init_process_group
    _store_based_barrier(rank, store, timeout)
  File "/work/cvcs_2023_group23/AIB/AIB_env/lib/python3.9/site-packages/torch/distributed/distributed_c10d.py", line 255, in _store_based_barrier
    raise RuntimeError(
RuntimeError: Timed out initializing process group in store based barrier on rank: 0, for key: store_based_barrier_key:1 (world_size=4, worker_count=1, timeout=0:30:00)
