2024-11-01 09:53:54,799 - INFO - __main__ - Starting NTXent loss test with K=4, batch_size=128, feature_dim=256, tau=0.2
2024-11-01 09:53:54,942 - INFO - __main__ - Starting NTXent loss test with K=4, batch_size=128, feature_dim=256, tau=0.2
2024-11-01 09:53:55,131 - DEBUG - __main__ - Local rank obtained from environment: 1
2024-11-01 09:53:55,135 - INFO - torch.distributed.distributed_c10d - Added key: store_based_barrier_key:1 to store for rank: 1
2024-11-01 09:53:55,149 - DEBUG - __main__ - Local rank obtained from environment: 0
2024-11-01 09:53:55,151 - INFO - torch.distributed.distributed_c10d - Added key: store_based_barrier_key:1 to store for rank: 0
2024-11-01 09:53:55,152 - INFO - torch.distributed.distributed_c10d - Rank 0: Completed store-based barrier for key:store_based_barrier_key:1 with 2 nodes.
2024-11-01 09:53:55,152 - INFO - __main__ - Distributed process group initialized on rank 0 with world_size=2
2024-11-01 09:53:55,152 - DEBUG - __main__ - Initialized NTXent with tau=0.2, multiplier=4, distributed=True
2024-11-01 09:53:55,152 - DEBUG - __main__ - NTXent loss module initialized
2024-11-01 09:53:55,156 - INFO - torch.distributed.distributed_c10d - Rank 1: Completed store-based barrier for key:store_based_barrier_key:1 with 2 nodes.
2024-11-01 09:53:55,156 - INFO - __main__ - Distributed process group initialized on rank 1 with world_size=2
2024-11-01 09:53:55,156 - DEBUG - __main__ - Initialized NTXent with tau=0.2, multiplier=4, distributed=True
2024-11-01 09:53:55,156 - DEBUG - __main__ - NTXent loss module initialized
2024-11-01 09:53:56,980 - DEBUG - __main__ - Random feature vectors with known positives generated with shape torch.Size([512, 256]) on GPU 0
2024-11-01 09:53:56,980 - DEBUG - __main__ - Forward pass started for NTXent loss
2024-11-01 09:53:56,980 - DEBUG - __main__ - Input tensor shape: torch.Size([512, 256])
2024-11-01 09:53:56,997 - DEBUG - __main__ - Normalized input tensor with tau=0.2
2024-11-01 09:53:56,998 - DEBUG - __main__ - Distributed flag is True. Gathering tensors from all processes
2024-11-01 09:53:57,013 - DEBUG - __main__ - Random feature vectors with known positives generated with shape torch.Size([512, 256]) on GPU 1
2024-11-01 09:53:57,013 - DEBUG - __main__ - Forward pass started for NTXent loss
2024-11-01 09:53:57,013 - DEBUG - __main__ - Input tensor shape: torch.Size([512, 256])
2024-11-01 09:53:57,014 - DEBUG - __main__ - Normalized input tensor with tau=0.2
2024-11-01 09:53:57,014 - DEBUG - __main__ - Distributed flag is True. Gathering tensors from all processes
2024-11-01 09:53:57,222 - DEBUG - __main__ - All_gather and chunking completed
2024-11-01 09:53:57,225 - DEBUG - __main__ - Concatenated sorted tensors with new shape torch.Size([1024, 256])
2024-11-01 09:53:57,225 - DEBUG - __main__ - All_gather and chunking completed
2024-11-01 09:53:57,226 - DEBUG - __main__ - Concatenated sorted tensors with new shape torch.Size([1024, 256])
2024-11-01 09:53:58,837 - DEBUG - __main__ - Logits computed with shape torch.Size([1024, 1024])
2024-11-01 09:53:58,837 - DEBUG - __main__ - Logits computed with shape torch.Size([1024, 1024])
2024-11-01 09:53:58,846 - DEBUG - __main__ - Diagonal of logits set to LARGE_NUMBER to exclude self-comparisons
2024-11-01 09:53:58,846 - DEBUG - __main__ - Diagonal of logits set to LARGE_NUMBER to exclude self-comparisons
2024-11-01 09:53:58,848 - DEBUG - __main__ - LogSoftmax applied to logits
2024-11-01 09:53:58,848 - DEBUG - __main__ - LogSoftmax applied to logits
2024-11-01 09:53:58,871 - DEBUG - __main__ - Labels for positive pairs created with shape torch.Size([3072])
2024-11-01 09:53:58,871 - DEBUG - __main__ - Labels for positive pairs created with shape torch.Size([3072])
2024-11-01 09:53:58,875 - DEBUG - __main__ - Loss calculated: 2.3227014541625977
2024-11-01 09:53:58,876 - DEBUG - __main__ - Loss calculated: 2.3227014541625977
2024-11-01 09:53:58,876 - DEBUG - __main__ - Calculating top-3 accuracy
2024-11-01 09:53:58,876 - DEBUG - __main__ - Calculating top-3 accuracy
2024-11-01 09:53:58,885 - DEBUG - __main__ - Accuracy calculated with shape torch.Size([1024])
2024-11-01 09:53:58,885 - DEBUG - __main__ - Accuracy calculated with shape torch.Size([1024])
2024-11-01 09:53:58,885 - DEBUG - __main__ - Accuracy computed with mean: 1.0
2024-11-01 09:53:58,886 - DEBUG - __main__ - Calculating Mean Average Precision for top-3 predictions
2024-11-01 09:53:58,886 - DEBUG - __main__ - Accuracy computed with mean: 1.0
2024-11-01 09:53:58,886 - DEBUG - __main__ - Calculating Mean Average Precision for top-3 predictions
2024-11-01 09:53:58,891 - DEBUG - __main__ - Mean Average Precision calculated with value 0.5833333730697632
2024-11-01 09:53:58,891 - DEBUG - __main__ - Mean Average Precision calculated with value 0.5833333730697632
2024-11-01 09:53:58,891 - DEBUG - __main__ - Mean Average Precision computed with value: 0.5833333730697632
2024-11-01 09:53:58,891 - DEBUG - __main__ - Mean Average Precision computed with value: 0.5833333730697632
2024-11-01 09:53:58,891 - INFO - __main__ - NTXent loss computed: 2.3227
2024-11-01 09:53:58,891 - INFO - __main__ - NTXent loss computed: 2.3227
2024-11-01 09:53:58,891 - INFO - __main__ - Accuracy: 1.0000
2024-11-01 09:53:58,891 - INFO - __main__ - Accuracy: 1.0000
2024-11-01 09:53:58,891 - INFO - __main__ - Mean Average Precision: 0.5833
Testing NTXent Loss with K=4:
Loss: 2.3227
Accuracy: 1.0000
2024-11-01 09:53:58,891 - INFO - __main__ - Mean Average Precision: 0.5833
Mean Average Precision: 0.5833
----------------------------------------
2024-11-01 09:53:58,891 - DEBUG - __main__ - Destroying distributed process group
2024-11-01 09:53:58,891 - DEBUG - __main__ - Destroying distributed process group
2024-11-01 09:53:58,910 - INFO - __main__ - Distributed process group destroyed
2024-11-01 09:53:58,925 - INFO - __main__ - Distributed process group destroyed
