2024-11-01 09:53:12,681 - INFO - __main__ - Starting NTXent loss test with K=2, batch_size=128, feature_dim=256, tau=0.2
2024-11-01 09:53:12,730 - INFO - __main__ - Starting NTXent loss test with K=2, batch_size=128, feature_dim=256, tau=0.2
2024-11-01 09:53:13,062 - DEBUG - __main__ - Local rank obtained from environment: 1
2024-11-01 09:53:13,067 - INFO - torch.distributed.distributed_c10d - Added key: store_based_barrier_key:1 to store for rank: 1
2024-11-01 09:53:13,091 - DEBUG - __main__ - Local rank obtained from environment: 0
2024-11-01 09:53:13,092 - INFO - torch.distributed.distributed_c10d - Added key: store_based_barrier_key:1 to store for rank: 0
2024-11-01 09:53:13,093 - INFO - torch.distributed.distributed_c10d - Rank 0: Completed store-based barrier for key:store_based_barrier_key:1 with 2 nodes.
2024-11-01 09:53:13,093 - INFO - __main__ - Distributed process group initialized on rank 0 with world_size=2
2024-11-01 09:53:13,093 - DEBUG - __main__ - Initialized NTXent with tau=0.2, multiplier=2, distributed=True
2024-11-01 09:53:13,093 - DEBUG - __main__ - NTXent loss module initialized
2024-11-01 09:53:13,098 - INFO - torch.distributed.distributed_c10d - Rank 1: Completed store-based barrier for key:store_based_barrier_key:1 with 2 nodes.
2024-11-01 09:53:13,098 - INFO - __main__ - Distributed process group initialized on rank 1 with world_size=2
2024-11-01 09:53:13,098 - DEBUG - __main__ - Initialized NTXent with tau=0.2, multiplier=2, distributed=True
2024-11-01 09:53:13,098 - DEBUG - __main__ - NTXent loss module initialized
2024-11-01 09:53:14,960 - DEBUG - __main__ - Random feature vectors with known positives generated with shape torch.Size([256, 256]) on GPU 1
2024-11-01 09:53:14,960 - DEBUG - __main__ - Forward pass started for NTXent loss
2024-11-01 09:53:14,960 - DEBUG - __main__ - Input tensor shape: torch.Size([256, 256])
2024-11-01 09:53:15,000 - DEBUG - __main__ - Normalized input tensor with tau=0.2
2024-11-01 09:53:15,001 - DEBUG - __main__ - Distributed flag is True. Gathering tensors from all processes
2024-11-01 09:53:15,022 - DEBUG - __main__ - Random feature vectors with known positives generated with shape torch.Size([256, 256]) on GPU 0
2024-11-01 09:53:15,023 - DEBUG - __main__ - Forward pass started for NTXent loss
2024-11-01 09:53:15,023 - DEBUG - __main__ - Input tensor shape: torch.Size([256, 256])
2024-11-01 09:53:15,023 - DEBUG - __main__ - Normalized input tensor with tau=0.2
2024-11-01 09:53:15,024 - DEBUG - __main__ - Distributed flag is True. Gathering tensors from all processes
2024-11-01 09:53:15,260 - DEBUG - __main__ - All_gather and chunking completed
2024-11-01 09:53:15,263 - DEBUG - __main__ - Concatenated sorted tensors with new shape torch.Size([512, 256])
2024-11-01 09:53:15,264 - DEBUG - __main__ - All_gather and chunking completed
2024-11-01 09:53:15,264 - DEBUG - __main__ - Concatenated sorted tensors with new shape torch.Size([512, 256])
2024-11-01 09:53:16,917 - DEBUG - __main__ - Logits computed with shape torch.Size([512, 512])
2024-11-01 09:53:16,939 - DEBUG - __main__ - Diagonal of logits set to LARGE_NUMBER to exclude self-comparisons
2024-11-01 09:53:16,939 - DEBUG - __main__ - Logits computed with shape torch.Size([512, 512])
2024-11-01 09:53:16,942 - DEBUG - __main__ - Diagonal of logits set to LARGE_NUMBER to exclude self-comparisons
2024-11-01 09:53:16,958 - DEBUG - __main__ - LogSoftmax applied to logits
2024-11-01 09:53:16,958 - DEBUG - __main__ - LogSoftmax applied to logits
2024-11-01 09:53:17,019 - DEBUG - __main__ - Labels for positive pairs created with shape torch.Size([512])
2024-11-01 09:53:17,019 - DEBUG - __main__ - Labels for positive pairs created with shape torch.Size([512])
2024-11-01 09:53:17,022 - DEBUG - __main__ - Loss calculated: 1.5314273834228516
2024-11-01 09:53:17,023 - DEBUG - __main__ - Loss calculated: 1.5314273834228516
2024-11-01 09:53:17,023 - DEBUG - __main__ - Calculating top-1 accuracy
2024-11-01 09:53:17,023 - DEBUG - __main__ - Calculating top-1 accuracy
2024-11-01 09:53:17,028 - DEBUG - __main__ - Accuracy calculated with shape torch.Size([512])
2024-11-01 09:53:17,029 - DEBUG - __main__ - Accuracy computed with mean: 1.0
2024-11-01 09:53:17,029 - DEBUG - __main__ - Accuracy calculated with shape torch.Size([512])
2024-11-01 09:53:17,029 - DEBUG - __main__ - Calculating Mean Average Precision for top-1 predictions
2024-11-01 09:53:17,029 - DEBUG - __main__ - Accuracy computed with mean: 1.0
2024-11-01 09:53:17,030 - DEBUG - __main__ - Calculating Mean Average Precision for top-1 predictions
2024-11-01 09:53:17,032 - DEBUG - __main__ - Mean Average Precision calculated with value 1.0
2024-11-01 09:53:17,032 - DEBUG - __main__ - Mean Average Precision computed with value: 1.0
2024-11-01 09:53:17,032 - INFO - __main__ - NTXent loss computed: 1.5314
2024-11-01 09:53:17,032 - INFO - __main__ - Accuracy: 1.0000
2024-11-01 09:53:17,032 - INFO - __main__ - Mean Average Precision: 1.0000
Testing NTXent Loss with K=2:
Loss: 1.5314
Accuracy: 1.0000
Mean Average Precision: 1.0000
----------------------------------------
2024-11-01 09:53:17,033 - DEBUG - __main__ - Destroying distributed process group
2024-11-01 09:53:17,033 - DEBUG - __main__ - Mean Average Precision calculated with value 1.0
2024-11-01 09:53:17,033 - DEBUG - __main__ - Mean Average Precision computed with value: 1.0
2024-11-01 09:53:17,033 - INFO - __main__ - NTXent loss computed: 1.5314
2024-11-01 09:53:17,033 - INFO - __main__ - Accuracy: 1.0000
2024-11-01 09:53:17,034 - INFO - __main__ - Mean Average Precision: 1.0000
2024-11-01 09:53:17,034 - DEBUG - __main__ - Destroying distributed process group
2024-11-01 09:53:17,063 - INFO - __main__ - Distributed process group destroyed
2024-11-01 09:53:17,078 - INFO - __main__ - Distributed process group destroyed
