2024-11-01 09:54:13,385 - INFO - __main__ - Starting NTXent loss test with K=5, batch_size=128, feature_dim=256, tau=0.2
2024-11-01 09:54:13,456 - INFO - __main__ - Starting NTXent loss test with K=5, batch_size=128, feature_dim=256, tau=0.2
2024-11-01 09:54:13,731 - DEBUG - __main__ - Local rank obtained from environment: 0
2024-11-01 09:54:13,735 - DEBUG - __main__ - Local rank obtained from environment: 1
2024-11-01 09:54:13,735 - INFO - torch.distributed.distributed_c10d - Added key: store_based_barrier_key:1 to store for rank: 0
2024-11-01 09:54:13,737 - INFO - torch.distributed.distributed_c10d - Added key: store_based_barrier_key:1 to store for rank: 1
2024-11-01 09:54:13,738 - INFO - torch.distributed.distributed_c10d - Rank 1: Completed store-based barrier for key:store_based_barrier_key:1 with 2 nodes.
2024-11-01 09:54:13,738 - INFO - __main__ - Distributed process group initialized on rank 1 with world_size=2
2024-11-01 09:54:13,738 - DEBUG - __main__ - Initialized NTXent with tau=0.2, multiplier=5, distributed=True
2024-11-01 09:54:13,738 - DEBUG - __main__ - NTXent loss module initialized
2024-11-01 09:54:13,746 - INFO - torch.distributed.distributed_c10d - Rank 0: Completed store-based barrier for key:store_based_barrier_key:1 with 2 nodes.
2024-11-01 09:54:13,746 - INFO - __main__ - Distributed process group initialized on rank 0 with world_size=2
2024-11-01 09:54:13,746 - DEBUG - __main__ - Initialized NTXent with tau=0.2, multiplier=5, distributed=True
2024-11-01 09:54:13,746 - DEBUG - __main__ - NTXent loss module initialized
2024-11-01 09:54:15,543 - DEBUG - __main__ - Random feature vectors with known positives generated with shape torch.Size([640, 256]) on GPU 0
2024-11-01 09:54:15,544 - DEBUG - __main__ - Forward pass started for NTXent loss
2024-11-01 09:54:15,544 - DEBUG - __main__ - Input tensor shape: torch.Size([640, 256])
2024-11-01 09:54:15,544 - DEBUG - __main__ - Random feature vectors with known positives generated with shape torch.Size([640, 256]) on GPU 1
2024-11-01 09:54:15,545 - DEBUG - __main__ - Forward pass started for NTXent loss
2024-11-01 09:54:15,545 - DEBUG - __main__ - Input tensor shape: torch.Size([640, 256])
2024-11-01 09:54:15,559 - DEBUG - __main__ - Normalized input tensor with tau=0.2
2024-11-01 09:54:15,559 - DEBUG - __main__ - Distributed flag is True. Gathering tensors from all processes
2024-11-01 09:54:15,559 - DEBUG - __main__ - Normalized input tensor with tau=0.2
2024-11-01 09:54:15,559 - DEBUG - __main__ - Distributed flag is True. Gathering tensors from all processes
2024-11-01 09:54:15,787 - DEBUG - __main__ - All_gather and chunking completed
2024-11-01 09:54:15,787 - DEBUG - __main__ - All_gather and chunking completed
2024-11-01 09:54:15,790 - DEBUG - __main__ - Concatenated sorted tensors with new shape torch.Size([1280, 256])
2024-11-01 09:54:15,790 - DEBUG - __main__ - Concatenated sorted tensors with new shape torch.Size([1280, 256])
2024-11-01 09:54:17,372 - DEBUG - __main__ - Logits computed with shape torch.Size([1280, 1280])
2024-11-01 09:54:17,385 - DEBUG - __main__ - Diagonal of logits set to LARGE_NUMBER to exclude self-comparisons
2024-11-01 09:54:17,390 - DEBUG - __main__ - LogSoftmax applied to logits
2024-11-01 09:54:17,396 - DEBUG - __main__ - Logits computed with shape torch.Size([1280, 1280])
2024-11-01 09:54:17,398 - DEBUG - __main__ - Diagonal of logits set to LARGE_NUMBER to exclude self-comparisons
2024-11-01 09:54:17,399 - DEBUG - __main__ - LogSoftmax applied to logits
2024-11-01 09:54:17,410 - DEBUG - __main__ - Labels for positive pairs created with shape torch.Size([5120])
2024-11-01 09:54:17,410 - DEBUG - __main__ - Labels for positive pairs created with shape torch.Size([5120])
2024-11-01 09:54:17,415 - DEBUG - __main__ - Loss calculated: 2.5655810832977295
2024-11-01 09:54:17,415 - DEBUG - __main__ - Loss calculated: 2.5655810832977295
2024-11-01 09:54:17,415 - DEBUG - __main__ - Calculating top-4 accuracy
2024-11-01 09:54:17,415 - DEBUG - __main__ - Calculating top-4 accuracy
2024-11-01 09:54:17,423 - DEBUG - __main__ - Accuracy calculated with shape torch.Size([1280])
2024-11-01 09:54:17,423 - DEBUG - __main__ - Accuracy calculated with shape torch.Size([1280])
2024-11-01 09:54:17,424 - DEBUG - __main__ - Accuracy computed with mean: 0.800000011920929
2024-11-01 09:54:17,424 - DEBUG - __main__ - Calculating Mean Average Precision for top-4 predictions
2024-11-01 09:54:17,424 - DEBUG - __main__ - Accuracy computed with mean: 0.800000011920929
2024-11-01 09:54:17,424 - DEBUG - __main__ - Calculating Mean Average Precision for top-4 predictions
2024-11-01 09:54:17,427 - DEBUG - __main__ - Mean Average Precision calculated with value 0.444444477558136
2024-11-01 09:54:17,427 - DEBUG - __main__ - Mean Average Precision calculated with value 0.444444477558136
2024-11-01 09:54:17,427 - DEBUG - __main__ - Mean Average Precision computed with value: 0.444444477558136
2024-11-01 09:54:17,428 - DEBUG - __main__ - Mean Average Precision computed with value: 0.444444477558136
2024-11-01 09:54:17,428 - INFO - __main__ - NTXent loss computed: 2.5656
2024-11-01 09:54:17,428 - INFO - __main__ - Accuracy: 0.8000
2024-11-01 09:54:17,428 - INFO - __main__ - NTXent loss computed: 2.5656
2024-11-01 09:54:17,428 - INFO - __main__ - Mean Average Precision: 0.4444
2024-11-01 09:54:17,428 - DEBUG - __main__ - Destroying distributed process group
2024-11-01 09:54:17,428 - INFO - __main__ - Accuracy: 0.8000
2024-11-01 09:54:17,428 - INFO - __main__ - Mean Average Precision: 0.4444
Testing NTXent Loss with K=5:
Loss: 2.5656
Accuracy: 0.8000
Mean Average Precision: 0.4444
----------------------------------------
2024-11-01 09:54:17,428 - DEBUG - __main__ - Destroying distributed process group
2024-11-01 09:54:17,445 - INFO - __main__ - Distributed process group destroyed
2024-11-01 09:54:17,456 - INFO - __main__ - Distributed process group destroyed
